11:17:37  TestInfo = 95L2D8855200500 Error = PASS
11:17:37 1>>95L2D8855200500,AFTSII,AFTSII,#

11:17:38 1>>SERIALNO=95L2D8855200500,SKUNO=1000754,ISN=ZAS54A192000123#OK,UNIT STATUS IS VALID


11:17:38 2>>95L2D8855200500;#PASS

11:17:38 

11:17:38 

11:17:38 

11:17:38 

11:17:38 

11:17:38 

11:17:38 

11:17:38 

11:17:38 

11:17:38 

11:17:38 

11:17:38 

11:17:38 

11:17:38 

11:17:38 

11:17:38 

11:17:38 

11:17:38 

11:17:38 

11:17:38 

11:17:38 

11:17:38 

11:17:38 

11:17:38 

11:17:38 

11:17:38 

11:17:38 

11:17:38 

11:17:38 

11:17:38 

11:17:38 

11:17:38 

11:17:38 

11:17:38 

11:17:38 

11:17:38 

11:17:38 

11:17:39 

11:17:39 

11:17:39 

11:17:39 

11:17:39 

11:17:39 

11:17:39 

11:17:39 

11:17:39 

11:17:39 

11:17:39 

11:17:39 

11:17:39 

11:17:39 

11:17:39 

11:17:39 

11:17:39 

11:17:39 

11:17:39 

11:17:39 

11:17:39 

11:17:39 

11:17:39 

11:17:39 

11:17:39 

11:17:39 

11:17:39 

11:17:39 

11:17:39 

11:17:39 

11:17:39 

11:17:39 

11:17:39 

11:17:39 

11:17:39 

11:17:39 

11:17:39 

11:17:39 

11:17:39 

11:17:39 

11:17:40 

11:17:40 

11:17:40 

11:17:40 

11:17:40 

11:17:40 

11:17:40 

11:17:40 

11:17:40 

11:17:40 

11:17:40 

11:17:40 

11:17:40 

11:17:40 

11:17:40 

11:17:40 

11:17:40 

11:17:40 

11:17:40 

11:17:40 

11:17:40 

11:17:40 

11:17:40 

11:17:40 

11:17:40 

11:17:40 

11:17:40 

11:17:40 

11:17:40 

11:17:40 

11:17:40 

11:17:40 

11:17:40 

11:17:40 

11:17:40 

11:17:40 

11:17:40 

11:17:40 

11:17:40 

11:17:41 

11:17:41 

11:17:41 

11:17:41 

11:17:41 

11:17:41 

11:17:41 

11:17:41 

11:17:41 

11:17:41 

11:17:41 

11:17:41 

11:17:41 

11:17:41 

11:17:41 

11:17:41 

11:17:41 

11:17:41 

11:17:41 

11:17:41 

11:17:41 

11:17:41 

11:17:41 

11:17:41 

11:17:41 

11:17:41 

11:17:41 

11:17:41 

11:17:41 

11:17:41 

11:17:41 

11:17:41 

11:17:41 

11:17:41 

11:17:41 

11:17:41 

11:17:41 

11:17:42 

11:17:42 

11:17:42 

11:17:42 

11:17:42 

11:17:42 

11:17:42 

11:17:42 

11:17:42 

11:17:42 

11:17:42 

11:17:42 

11:17:42 

11:17:42 

11:17:42 

11:17:42 

11:17:42 

11:17:42 

11:17:42 

11:17:42 

11:17:42 

11:17:42 

11:17:42 

11:17:42 

11:17:42 

11:17:43 

11:17:43  TestInfo = 95L2D8855200471 Error = PASS
11:17:43 1>>95L2D8855200471,AFTSII,AFTSII,#

11:17:43 1>>SERIALNO=95L2D8855200471,SKUNO=1000754,ISN=ZAS54A19200003P#OK,UNIT STATUS IS VALID


11:17:43 2>>95L2D8855200471;#PASS

11:17:43 

11:17:43 

11:17:43 

11:17:43 

11:17:43 

11:17:43 

11:17:43 

11:17:43 

11:17:43 

11:17:43 

11:17:43 

11:17:43 

11:17:43 

11:17:43 

11:17:43 

11:17:43 

11:17:43 

11:17:43 

11:17:43 

11:17:43 

11:17:43 

11:17:43 

11:17:43 

11:17:43 

11:17:43 

11:17:43 

11:17:43 

11:17:43 

11:17:43 

11:17:43 

11:17:43 

11:17:43 

11:17:43 

11:17:44 

11:17:44 

11:17:44 

11:17:44 

11:17:44 

11:17:44 

11:17:44 

11:17:44 

11:17:44 

11:17:44 

11:17:44 

11:17:44 

11:17:44 

11:17:44 

11:17:44 

11:17:44 

11:17:44 

11:17:44 

11:17:44 

11:17:44 

11:17:44 

11:17:44 

11:17:44 

11:17:44 

11:17:44 

11:17:44 

11:17:44 

11:17:44 

11:17:44 

11:17:44 

11:17:44 

11:17:44 

11:17:44 

11:17:44 

11:17:44 

11:17:45 

11:17:45 

11:17:45 

11:17:45 

11:17:45 

11:17:45 

11:17:45 

11:17:45 

11:17:45 

11:17:45 

11:17:45 

11:17:45 

11:17:45 

11:17:45 

11:17:45 

11:17:45 

11:17:45 

11:17:45 

11:17:45 

11:17:45 

11:17:45 

11:17:45 

11:17:45 

11:17:45 

11:17:45 

11:17:45 

11:17:45 

11:17:45 

11:17:45 

11:17:45 

11:17:45 

11:17:45 

11:17:45 

11:17:45 

11:17:46 

11:17:46 

11:17:46 

11:17:46 

11:17:46 

11:17:46 

11:17:46 

11:17:46 

11:17:46 

11:17:46 

11:17:46 

11:17:46 

11:17:46 

11:17:46 

11:17:46 

11:17:46 

11:17:46 

11:17:46 

11:17:46 

11:17:46 

11:17:46 

11:17:46 

11:17:46 

11:17:46 

11:17:46 

11:17:46 

11:17:46 

11:17:46 

11:17:46 

11:17:46 

11:17:46 

11:17:46 

11:17:46 

11:17:46 

11:17:46 

11:17:46 

11:17:46 

11:17:46 

11:17:47 

11:17:47 

11:17:47 

11:17:47 

11:17:47 

11:17:47 

11:17:47 

11:17:47 

11:17:47 



11:20:25  TestInfo = 95L2D8855200500 Error = PASS
11:20:25 1>>95L2D8855200500,AFTSII,AFTSII,#

11:20:26 1>>SERIALNO=95L2D8855200500,SKUNO=1000754,ISN=ZAS54A192000123#OK,UNIT STATUS IS VALID


11:20:26 2>>95L2D8855200500;#PASS

11:20:31  TestInfo = 95L2D8855200471 Error = PASS
11:20:31 1>>95L2D8855200471,AFTSII,AFTSII,#

11:20:31 1>>SERIALNO=95L2D8855200471,SKUNO=1000754,ISN=ZAS54A19200003P#OK,UNIT STATUS IS VALID


11:20:31 2>>95L2D8855200471;#PASS

11:20:36  TestInfo = 95L2D8855200287 Error = PASS
11:20:36 1>>95L2D8855200287,AFTSII,AFTSII,#

11:20:36 1>>SERIALNO=95L2D8855200287,SKUNO=1000754,ISN=ZAS54A1920000CT#OK,UNIT STATUS IS VALID


11:20:36 2>>95L2D8855200287;#PASS

11:20:41  TestInfo = 95L2D8855200507 Error = PASS
11:20:41 1>>95L2D8855200507,AFTSII,AFTSII,#

11:20:41 1>>SERIALNO=95L2D8855200507,SKUNO=1000754,ISN=ZAS54A192000077#OK,UNIT STATUS IS VALID


11:20:41 2>>95L2D8855200507;#PASS

