16:49:17  TestInfo = 95K2D8855202911 Error = PASS
16:49:17 1>>95K2D8855202911,ARFTS,AFTSII,#

16:49:22  TestInfo = 95K2D8855202961 Error = PASS
16:49:22 1>>95K2D8855202961,ARFTS,AFTSII,#

16:49:27  TestInfo = 95K2D8855202988 Error = PASS
16:49:27 1>>95K2D8855202988,ARFTS,AFTSII,#

16:49:32  TestInfo = 95K2D8855203028 Error = 2084-10
16:49:32 1>>95K2D8855203028,ARFTS,AFTSII,#

16:49:59  TestInfo = 95K2D8855202911 Error = PASS
16:49:59 1>>95K2D8855202911,ARFTS,AFTSII,#

16:50:04  TestInfo = 95K2D8855202961 Error = PASS
16:50:04 1>>95K2D8855202961,ARFTS,AFTSII,#

16:50:09  TestInfo = 95K2D8855202988 Error = PASS
16:50:09 1>>95K2D8855202988,ARFTS,AFTSII,#

16:50:14  TestInfo = 95K2D8855203028 Error = 2084-10
16:50:14 1>>95K2D8855203028,ARFTS,AFTSII,#

16:50:50  TestInfo = 95K2D8855202911 Error = PASS
16:50:50 1>>95K2D8855202911,ARFTS,AFTSII,#

16:50:51 1>>SERIALNO=95K2D8855202911,SKUNO=1000754,ISN=ZAS54A191900758#OK,UNIT STATUS IS VALID


16:50:51 2>>95K2D8855202911;#PASS

16:50:56  TestInfo = 95K2D8855202961 Error = PASS
16:50:56 1>>95K2D8855202961,ARFTS,AFTSII,#

16:50:56 1>>SERIALNO=95K2D8855202961,SKUNO=1000754,ISN=ZAS54A19190063M#OK,UNIT STATUS IS VALID


16:50:56 2>>95K2D8855202961;#PASS

16:51:01  TestInfo = 95K2D8855202988 Error = PASS
16:51:01 1>>95K2D8855202988,ARFTS,AFTSII,#

16:51:01 1>>SERIALNO=95K2D8855202988,SKUNO=1000754,ISN=ZAS54A19190064E#OK,UNIT STATUS IS VALID


16:51:01 2>>95K2D8855202988;#PASS

16:51:06  TestInfo = 95K2D8855203028 Error = 2084-10
16:51:06 1>>95K2D8855203028,ARFTS,AFTSII,#

16:51:06 1>>SERIALNO=95K2D8855203028,SKUNO=1000754,ISN=ZAS54A1919006Z2#OK,UNIT STATUS IS VALID


16:51:06 2>>95K2D8855203028;#2084-10

