09:03:16  TestInfo = 0 Error = 0
09:03:16 1>>0,ARFTS,ARFTS,#

09:03:21  TestInfo = 95B2D29BJ700510 Error = 2002-02
09:03:21 1>>95B2D29BJ700510,ARFTS,ARFTS,#

09:03:26  TestInfo = 95A2D29BJ702079 Error = 2032-09
09:03:26 1>>95A2D29BJ702079,ARFTS,ARFTS,#

09:03:31  TestInfo = 94W2D8945400114 Error = PASS
09:03:31 1>>94W2D8945400114,ARFTS,ARFTS,#

09:04:10  TestInfo = 0 Error = 0
09:04:10 1>>0,ARFTS,ARFTS,#

09:04:15  TestInfo = 95B2D29BJ700510 Error = 2002-02
09:04:15 1>>95B2D29BJ700510,ARFTS,ARFTS,#

09:04:20  TestInfo = 94W2D8945400114 Error = PASS
09:04:20 1>>94W2D8945400114,ARFTS,ARFTS,#

09:04:25  TestInfo = 95D2D8945400024 Error = PASS
09:04:25 1>>95D2D8945400024,ARFTS,ARFTS,#

11:03:42  TestInfo = 0 Error = 0
11:03:42 1>>0,ARFTS,ARFTS,#

11:03:47  TestInfo = 1 Error = 1
11:03:47 1>>1,ARFTS,ARFTS,#

11:03:52  TestInfo = 95B2D29BJ700510 Error = 2002-02
11:03:52 1>>95B2D29BJ700510,ARFTS,ARFTS,#

11:03:57  TestInfo = 94W2D8945400114 Error = PASS
11:03:57 1>>94W2D8945400114,ARFTS,ARFTS,#

11:06:20  TestInfo = 0 Error = 0
11:06:20 1>>0,AFTSII,AFTSII,#

11:06:25  TestInfo = 95L2D8855200500 Error = PASS
11:06:25 1>>95L2D8855200500,AFTSII,AFTSII,#

11:06:30  TestInfo = 95L2D8855200471 Error = PASS
11:06:30 1>>95L2D8855200471,AFTSII,AFTSII,#

11:06:35  TestInfo = 95L2D8855200287 Error = PASS
11:06:35 1>>95L2D8855200287,AFTSII,AFTSII,#

11:19:53  TestInfo = 95C2D29BJ701263 Error = PASS
11:19:53 1>>95C2D29BJ701263,FTTS,FTTS,#

11:19:58  TestInfo = 95B2D29BJ702879 Error = 1002
11:19:58 1>>95B2D29BJ702879,FTTS,FTTS,#

11:20:03  TestInfo = 95C2D29BJ701112 Error = PASS
11:20:03 1>>95C2D29BJ701112,FTTS,FTTS,#

11:20:08  TestInfo = 95C2D29BJ701264 Error = PASS
11:20:08 1>>95C2D29BJ701264,FTTS,FTTS,#

11:20:58  TestInfo = 95C2D29BJ701264 Error = PASS
11:20:58 1>>95C2D29BJ701264,FTTS,FTTS,#

11:21:03  TestInfo = 95C2D29BJ701263 Error = PASS
11:21:03 1>>95C2D29BJ701263,FTTS,FTTS,#

11:21:08  TestInfo = 95B2D29BJ702879 Error = 1002
11:21:08 1>>95B2D29BJ702879,FTTS,FTTS,#

11:21:13  TestInfo = 95C2D29BJ701112 Error = PASS
11:21:13 1>>95C2D29BJ701112,FTTS,FTTS,#

11:23:43  TestInfo = 95C2D29BJ701263 Error = PASS
11:23:43 1>>95C2D29BJ701263,FTTS,FTTS,#

11:23:49  TestInfo = 95B2D29BJ702879 Error = 1002
11:23:49 1>>95B2D29BJ702879,FTTS,FTTS,#

11:23:54  TestInfo = 95C2D29BJ701112 Error = PASS
11:23:54 1>>95C2D29BJ701112,FTTS,FTTS,#

11:23:54 1>>SERIALNO=95C2D29BJ701112,SKUNO=1000699,ISN=ZAS99A1919001AT#OK,UNIT STATUS IS VALID


11:23:54 2>>95C2D29BJ701112;#PASS

11:23:59  TestInfo = 95C2D29BJ701264 Error = PASS
11:23:59 1>>95C2D29BJ701264,FTTS,FTTS,#

11:23:59 1>>SERIALNO=95C2D29BJ701264,SKUNO=1000699,ISN=ZAS99A191800651#OK,UNIT STATUS IS VALID


11:23:59 2>>95C2D29BJ701264;#PASS

11:24:27  TestInfo = 95C2D29BJ701263 Error = PASS
11:24:27 1>>95C2D29BJ701263,FTTS,FTTS,#

11:24:27 1>>SERIALNO=95C2D29BJ701263,SKUNO=1000699,ISN=ZAS99A191800660#OK,UNIT STATUS IS VALID


11:24:27 2>>95C2D29BJ701263;#PASS

11:24:32  TestInfo = 95B2D29BJ702879 Error = 1002
11:24:33 1>>95B2D29BJ702879,FTTS,FTTS,#

11:24:33 1>>SERIALNO=95B2D29BJ702879,SKUNO=1000699,ISN=ZAS99A19180071U#OK,UNIT STATUS IS VALID


11:24:33 2>>95B2D29BJ702879;#1002

11:24:38  TestInfo = 95C2D29BJ701112 Error = PASS
11:24:38 1>>95C2D29BJ701112,FTTS,FTTS,#

11:24:38 1>>SERIALNO=95C2D29BJ701112,SKUNO=1000699,ISN=ZAS99A1919001AT#OK,UNIT STATUS IS VALID


11:24:38 2>>95C2D29BJ701112;#PASS

11:25:00  TestInfo = 95C2D29BJ701263 Error = PASS
11:25:00 1>>95C2D29BJ701263,FTTS,FTTS,#

11:25:00 1>>SERIALNO=95C2D29BJ701263,SKUNO=1000699,ISN=ZAS99A191800660#OK,UNIT STATUS IS VALID


11:25:00 2>>95C2D29BJ701263;#PASS

11:25:05  TestInfo = 95B2D29BJ702879 Error = 1002
11:25:05 1>>95B2D29BJ702879,FTTS,FTTS,#

11:25:05 1>>SERIALNO=95B2D29BJ702879,SKUNO=1000699,ISN=ZAS99A19180071U#OK,UNIT STATUS IS VALID


11:25:05 2>>95B2D29BJ702879;#1002

11:25:10  TestInfo = 95C2D29BJ701112 Error = PASS
11:25:10 1>>95C2D29BJ701112,FTTS,FTTS,#

11:25:10 1>>SERIALNO=95C2D29BJ701112,SKUNO=1000699,ISN=ZAS99A1919001AT#OK,UNIT STATUS IS VALID


11:25:10 2>>95C2D29BJ701112;#PASS

11:25:36  TestInfo = 95C2D29BJ701263 Error = PASS
11:25:36 1>>95C2D29BJ701263,FTTS,FTTS,#

11:25:36 1>>SERIALNO=95C2D29BJ701263,SKUNO=1000699,ISN=ZAS99A191800660#OK,UNIT STATUS IS VALID


11:25:36 2>>95C2D29BJ701263;#PASS

11:25:41  TestInfo = 95B2D29BJ702879 Error = 1002
11:25:41 1>>95B2D29BJ702879,FTTS,FTTS,#

11:25:41 1>>SERIALNO=95B2D29BJ702879,SKUNO=1000699,ISN=ZAS99A19180071U#OK,UNIT STATUS IS VALID


11:25:41 2>>95B2D29BJ702879;#1002

11:25:46  TestInfo = 95C2D29BJ701112 Error = PASS
11:25:46 1>>95C2D29BJ701112,FTTS,FTTS,#

11:25:46 1>>SERIALNO=95C2D29BJ701112,SKUNO=1000699,ISN=ZAS99A1919001AT#OK,UNIT STATUS IS VALID


11:25:46 2>>95C2D29BJ701112;#PASS

11:25:51  TestInfo = 8871B1D46AFC Error = -1.20
11:25:51 1>>8871B1D46AFC,FTTS,FTTS,#

11:26:39  TestInfo = 95C2D29BJ701263 Error = PASS
11:26:39 1>>95C2D29BJ701263,FTTS,FTTS,#

11:26:39 1>>SERIALNO=95C2D29BJ701263,SKUNO=1000699,ISN=ZAS99A191800660#OK,UNIT STATUS IS VALID


11:26:39 2>>95C2D29BJ701263;#PASS

11:26:44  TestInfo = 95B2D29BJ702879 Error = 1002
11:26:44 1>>95B2D29BJ702879,FTTS,FTTS,#

11:26:44 1>>SERIALNO=95B2D29BJ702879,SKUNO=1000699,ISN=ZAS99A19180071U#OK,UNIT STATUS IS VALID


11:26:44 2>>95B2D29BJ702879;#1002

11:26:49  TestInfo = 95C2D29BJ701112 Error = PASS
11:26:49 1>>95C2D29BJ701112,FTTS,FTTS,#

11:26:49 1>>SERIALNO=95C2D29BJ701112,SKUNO=1000699,ISN=ZAS99A1919001AT#OK,UNIT STATUS IS VALID


11:26:49 2>>95C2D29BJ701112;#PASS

11:26:54  TestInfo = 8871B1D46AFC Error = -1.20
11:26:54 1>>8871B1D46AFC,FTTS,FTTS,#

11:32:42  TestInfo = 95L2D8855200500 Error = PASS
11:32:42 1>>95L2D8855200500,AFTSII,AFTSII,#

11:32:42 1>>SERIALNO=95L2D8855200500,SKUNO=1000754,ISN=ZAS54A192000123#OK,UNIT STATUS IS VALID


11:32:42 2>>95L2D8855200500;#PASS

11:32:47  TestInfo = 95L2D8855200471 Error = PASS
11:32:47 1>>95L2D8855200471,AFTSII,AFTSII,#

11:32:47 1>>SERIALNO=95L2D8855200471,SKUNO=1000754,ISN=ZAS54A19200003P#OK,UNIT STATUS IS VALID


11:32:47 2>>95L2D8855200471;#PASS

11:32:52  TestInfo = 95L2D8855200287 Error = PASS
11:32:52 1>>95L2D8855200287,AFTSII,AFTSII,#

11:32:52 1>>SERIALNO=95L2D8855200287,SKUNO=1000754,ISN=ZAS54A1920000CT#OK,UNIT STATUS IS VALID


11:32:52 2>>95L2D8855200287;#PASS

11:32:57  TestInfo =  Error = PASS
11:32:57 1>>,AFTSII,AFTSII,#

11:33:36  TestInfo = 0 Error = 0
11:33:36 1>>0,AFTSII,AFTSII,#

11:33:41  TestInfo = 1 Error = 1
11:33:41 1>>1,AFTSII,AFTSII,#

11:33:46  TestInfo = 2 Error = 2
11:33:46 1>>2,AFTSII,AFTSII,#

11:33:51  TestInfo =  Error = PASS
11:33:51 1>>,AFTSII,AFTSII,#

11:35:32  TestInfo = 0 Error = 0
11:35:32 1>>0,AFTSII,AFTSII,#

11:35:37  TestInfo = 95L2D8855200500 Error = PASS
11:35:37 1>>95L2D8855200500,AFTSII,AFTSII,#

11:35:37 1>>SERIALNO=95L2D8855200500,SKUNO=1000754,ISN=ZAS54A192000123#OK,UNIT STATUS IS VALID


11:35:37 2>>95L2D8855200500;#PASS

11:35:42  TestInfo = 95L2D8855200471 Error = PASS
11:35:42 1>>95L2D8855200471,AFTSII,AFTSII,#

11:35:42 1>>SERIALNO=95L2D8855200471,SKUNO=1000754,ISN=ZAS54A19200003P#OK,UNIT STATUS IS VALID


11:35:42 2>>95L2D8855200471;#PASS

11:35:47  TestInfo = 95L2D8855200287 Error = PASS
11:35:47 1>>95L2D8855200287,AFTSII,AFTSII,#

11:35:47 1>>SERIALNO=95L2D8855200287,SKUNO=1000754,ISN=ZAS54A1920000CT#OK,UNIT STATUS IS VALID


11:35:47 2>>95L2D8855200287;#PASS

13:54:04  TestInfo = 0 Error = 0
13:54:04 1>>0,AFTSII,AFTSII,#

13:54:09  TestInfo = 95L2D8855200500 Error = PASS
13:54:09 1>>95L2D8855200500,AFTSII,AFTSII,#

13:54:09 1>>SERIALNO=95L2D8855200500,SKUNO=1000754,ISN=ZAS54A192000123#OK,UNIT STATUS IS VALID


13:54:09 2>>95L2D8855200500;#PASS

13:54:14  TestInfo = 95L2D8855200471 Error = PASS
13:54:14 1>>95L2D8855200471,AFTSII,AFTSII,#

13:54:14 1>>SERIALNO=95L2D8855200471,SKUNO=1000754,ISN=ZAS54A19200003P#OK,UNIT STATUS IS VALID


13:54:14 2>>95L2D8855200471;#PASS

13:54:19  TestInfo = 95L2D8855200287 Error = PASS
13:54:19 1>>95L2D8855200287,AFTSII,AFTSII,#

13:54:19 1>>SERIALNO=95L2D8855200287,SKUNO=1000754,ISN=ZAS54A1920000CT#OK,UNIT STATUS IS VALID


13:54:19 2>>95L2D8855200287;#PASS

