14:51:57  TestInfo = 95B2D29BJ700510 Error = 2002-02
14:51:57 1>>95B2D29BJ700510,ARFTS,ARFTS,#

14:52:02  TestInfo = 95A2D29BJ702079 Error = 2032-09
14:52:02 1>>95A2D29BJ702079,ARFTS,ARFTS,#

14:52:07  TestInfo = 94W2D8945400114 Error = PASS
14:52:07 1>>94W2D8945400114,ARFTS,ARFTS,#

14:52:12  TestInfo = 95D2D8945400024 Error = PASS
14:52:12 1>>95D2D8945400024,ARFTS,ARFTS,#

14:52:44  TestInfo = 0 Error = 0
14:52:45 1>>0,ARFTS,ARFTS,#

14:52:50  TestInfo = 1 Error = 1
14:52:50 1>>1,ARFTS,ARFTS,#

14:52:55  TestInfo = 2 Error = 2
14:52:55 1>>2,ARFTS,ARFTS,#

14:53:00  TestInfo = 3 Error = 3
14:53:00 1>>3,ARFTS,ARFTS,#

14:57:11  TestInfo = 0 Error = 0
14:57:11 1>>0,ARFTS,ARFTS,#

14:57:16  TestInfo = 1 Error = 1
14:57:16 1>>1,ARFTS,ARFTS,#

14:57:21  TestInfo = 2 Error = 2
14:57:21 1>>2,ARFTS,ARFTS,#

14:57:26  TestInfo = 3 Error = 3
14:57:26 1>>3,ARFTS,ARFTS,#

15:00:56  TestInfo = 0 Error = 0
15:00:56 1>>0,ARFTS,ARFTS,#

15:03:56  TestInfo = 0 Error = 0
15:03:56 1>>0,ARFTS,ARFTS,#

15:04:01  TestInfo = 1 Error = 1
15:04:01 1>>1,ARFTS,ARFTS,#

15:07:31  TestInfo = 0 Error = 0
15:07:31 1>>0,ARFTS,ARFTS,#

15:07:36  TestInfo = 95B2D29BJ700510 Error = 2002-02
15:07:36 1>>95B2D29BJ700510,ARFTS,ARFTS,#

15:07:41  TestInfo = 95A2D29BJ702079 Error = 2032-09
15:07:41 1>>95A2D29BJ702079,ARFTS,ARFTS,#

15:07:46  TestInfo = 95D2D8945400024 Error = PASS
15:07:46 1>>95D2D8945400024,ARFTS,ARFTS,#

