16:52:58  TestInfo = 95K2D8855202911 Error = PASS
16:52:58 1>>95K2D8855202911,ARFTS,AFTSII,#

16:52:58 1>>SERIALNO=95K2D8855202911,SKUNO=1000754,ISN=ZAS54A191900758#OK,UNIT STATUS IS VALID


16:52:58 2>>95K2D8855202911;#PASS

16:53:03  TestInfo = 95K2D8855202961 Error = PASS
16:53:03 1>>95K2D8855202961,ARFTS,AFTSII,#

16:53:03 1>>SERIALNO=95K2D8855202961,SKUNO=1000754,ISN=ZAS54A19190063M#OK,UNIT STATUS IS VALID


16:53:03 2>>95K2D8855202961;#PASS

16:53:08  TestInfo = 95K2D8855202988 Error = PASS
16:53:08 1>>95K2D8855202988,ARFTS,AFTSII,#

16:53:08 1>>SERIALNO=95K2D8855202988,SKUNO=1000754,ISN=ZAS54A19190064E#OK,UNIT STATUS IS VALID


16:53:08 2>>95K2D8855202988;#PASS

16:53:13  TestInfo = 95K2D8855203028 Error = 2084-10
16:53:13 1>>95K2D8855203028,ARFTS,AFTSII,#

16:53:13 1>>SERIALNO=95K2D8855203028,SKUNO=1000754,ISN=ZAS54A1919006Z2#OK,UNIT STATUS IS VALID


16:53:13 2>>95K2D8855203028;#2084-10

16:53:29  TestInfo = 95K2D8855202911 Error = PASS
16:53:29 1>>95K2D8855202911,ARFTS,AFTSII,#

16:53:29 1>>SERIALNO=95K2D8855202911,SKUNO=1000754,ISN=ZAS54A191900758#OK,UNIT STATUS IS VALID


16:53:29 2>>95K2D8855202911;#PASS

16:53:34  TestInfo = 95K2D8855202961 Error = PASS
16:53:34 1>>95K2D8855202961,ARFTS,AFTSII,#

16:53:34 1>>SERIALNO=95K2D8855202961,SKUNO=1000754,ISN=ZAS54A19190063M#OK,UNIT STATUS IS VALID


16:53:34 2>>95K2D8855202961;#PASS

16:53:39  TestInfo = 95K2D8855202988 Error = PASS
16:53:39 1>>95K2D8855202988,ARFTS,AFTSII,#

16:53:39 1>>SERIALNO=95K2D8855202988,SKUNO=1000754,ISN=ZAS54A19190064E#OK,UNIT STATUS IS VALID


16:53:39 2>>95K2D8855202988;#PASS

16:53:44  TestInfo = 95K2D8855203028 Error = 2084-10
16:53:44 1>>95K2D8855203028,ARFTS,AFTSII,#

16:53:44 1>>SERIALNO=95K2D8855203028,SKUNO=1000754,ISN=ZAS54A1919006Z2#OK,UNIT STATUS IS VALID


16:53:44 2>>95K2D8855203028;#2084-10

